[01m[K/home/vox/Vox/src/ros2_mpu9250_driver/src/mpu9250driver.cpp:[m[K In lambda function:
[01m[K/home/vox/Vox/src/ros2_mpu9250_driver/src/mpu9250driver.cpp:45:23:[m[K [01;31m[Kerror: [m[Kexpected â€˜[01m[K;[m[Kâ€™ before â€˜[01m[K}[m[Kâ€™ token
   45 |     this->readVel(msg)
      |                       [01;31m[K^[m[K
      |                       [32m[K;[m[K
   46 |   [32m[K}[m[K
      |   [32m[K~[m[K                    
[01m[K/home/vox/Vox/src/ros2_mpu9250_driver/src/mpu9250driver.cpp:[m[K In constructor â€˜[01m[KMPU9250Driver::MPU9250Driver()[m[Kâ€™:
[01m[K/home/vox/Vox/src/ros2_mpu9250_driver/src/mpu9250driver.cpp:48:1:[m[K [01;31m[Kerror: [m[Kexpected â€˜[01m[K,[m[Kâ€™ or â€˜[01m[K;[m[Kâ€™ before â€˜[01m[K}[m[Kâ€™ token
   48 | [01;31m[K}[m[K
      | [01;31m[K^[m[K
[01m[K/home/vox/Vox/src/ros2_mpu9250_driver/src/mpu9250driver.cpp:[m[K In member function â€˜[01m[Kvoid MPU9250Driver::readVel(geometry_msgs::msg::Twist_<std::allocator<void> >::SharedPtr)[m[Kâ€™:
[01m[K/home/vox/Vox/src/ros2_mpu9250_driver/src/mpu9250driver.cpp:79:21:[m[K [01;31m[Kerror: [m[Kâ€˜[01m[Kconst SharedPtr[m[Kâ€™ {aka â€˜[01m[Kconst class std::shared_ptr<geometry_msgs::msg::Twist_<std::allocator<void> > >[m[Kâ€™} has no member named â€˜[01m[Klinear[m[Kâ€™
   79 |         if (message.[01;31m[Klinear[m[K.x != 0.0 || message.angular.z != 0.0) {
      |                     [01;31m[K^~~~~~[m[K
[01m[K/home/vox/Vox/src/ros2_mpu9250_driver/src/mpu9250driver.cpp:79:48:[m[K [01;31m[Kerror: [m[Kâ€˜[01m[Kconst SharedPtr[m[Kâ€™ {aka â€˜[01m[Kconst class std::shared_ptr<geometry_msgs::msg::Twist_<std::allocator<void> > >[m[Kâ€™} has no member named â€˜[01m[Kangular[m[Kâ€™
   79 |         if (message.linear.x != 0.0 || message.[01;31m[Kangular[m[K.z != 0.0) {
      |                                                [01;31m[K^~~~~~~[m[K
gmake[2]: *** [CMakeFiles/mpu9250driver.dir/build.make:76: CMakeFiles/mpu9250driver.dir/src/mpu9250driver.cpp.o] Error 1
gmake[1]: *** [CMakeFiles/Makefile2:188: CMakeFiles/mpu9250driver.dir/all] Error 2
gmake: *** [Makefile:146: all] Error 2
