[01m[K/home/vox/Vox/src/ros2_mpu9250_driver/src/mpu9250driver.cpp:[m[K In lambda function:
[01m[K/home/vox/Vox/src/ros2_mpu9250_driver/src/mpu9250driver.cpp:45:18:[m[K [01;31m[Kerror: [m[Kno matching function for call to â€˜[01m[KMPU9250Driver::readVel(const SharedPtr&)[m[Kâ€™
   45 |     [01;31m[Kthis->readVel(msg)[m[K
      |     [01;31m[K~~~~~~~~~~~~~^~~~~[m[K
In file included from [01m[K/home/vox/Vox/src/ros2_mpu9250_driver/src/mpu9250driver.cpp:1[m[K:
[01m[K/home/vox/Vox/src/ros2_mpu9250_driver/include/mpu9250driver/mpu9250driver.h:22:8:[m[K [01;36m[Knote: [m[Kcandidate: â€˜[01m[Kvoid MPU9250Driver::readVel()[m[Kâ€™
   22 |   void [01;36m[KreadVel[m[K();
      |        [01;36m[K^~~~~~~[m[K
[01m[K/home/vox/Vox/src/ros2_mpu9250_driver/include/mpu9250driver/mpu9250driver.h:22:8:[m[K [01;36m[Knote: [m[K  candidate expects 0 arguments, 1 provided
[01m[K/home/vox/Vox/src/ros2_mpu9250_driver/src/mpu9250driver.cpp:[m[K In constructor â€˜[01m[KMPU9250Driver::MPU9250Driver()[m[Kâ€™:
[01m[K/home/vox/Vox/src/ros2_mpu9250_driver/src/mpu9250driver.cpp:48:1:[m[K [01;31m[Kerror: [m[Kexpected â€˜[01m[K,[m[Kâ€™ or â€˜[01m[K;[m[Kâ€™ before â€˜[01m[K}[m[Kâ€™ token
   48 | [01;31m[K}[m[K
      | [01;31m[K^[m[K
[01m[K/home/vox/Vox/src/ros2_mpu9250_driver/src/mpu9250driver.cpp:[m[K At global scope:
[01m[K/home/vox/Vox/src/ros2_mpu9250_driver/src/mpu9250driver.cpp:77:6:[m[K [01;31m[Kerror: [m[Kno declaration matches â€˜[01m[Kvoid MPU9250Driver::readVel(geometry_msgs::msg::Twist_<std::allocator<void> >::SharedPtr)[m[Kâ€™
   77 | void [01;31m[KMPU9250Driver[m[K::readVel(const geometry_msgs::msg::Twist::SharedPtr message) {
      |      [01;31m[K^~~~~~~~~~~~~[m[K
In file included from [01m[K/home/vox/Vox/src/ros2_mpu9250_driver/src/mpu9250driver.cpp:1[m[K:
[01m[K/home/vox/Vox/src/ros2_mpu9250_driver/include/mpu9250driver/mpu9250driver.h:22:8:[m[K [01;36m[Knote: [m[Kcandidate is: â€˜[01m[Kvoid MPU9250Driver::readVel()[m[Kâ€™
   22 |   void [01;36m[KreadVel[m[K();
      |        [01;36m[K^~~~~~~[m[K
[01m[K/home/vox/Vox/src/ros2_mpu9250_driver/include/mpu9250driver/mpu9250driver.h:9:7:[m[K [01;36m[Knote: [m[Kâ€˜[01m[Kclass MPU9250Driver[m[Kâ€™ defined here
    9 | class [01;36m[KMPU9250Driver[m[K : public rclcpp::Node {
      |       [01;36m[K^~~~~~~~~~~~~[m[K
gmake[2]: *** [CMakeFiles/mpu9250driver.dir/build.make:76: CMakeFiles/mpu9250driver.dir/src/mpu9250driver.cpp.o] Error 1
gmake[1]: *** [CMakeFiles/Makefile2:188: CMakeFiles/mpu9250driver.dir/all] Error 2
gmake: *** [Makefile:146: all] Error 2
