[1.571s] Invoking command in '/home/vox/Vox/build/mpu9250driver': CMAKE_PREFIX_PATH=/opt/ros/iron /usr/bin/cmake --build /home/vox/Vox/build/mpu9250driver -- -j4 -l4
[1.863s] [ 33%] Built target mpu9250sensor
[1.924s] [ 66%] Built target linux_i2c_communicator
[1.984s] [35m[1mConsolidate compiler generated dependencies of target mpu9250driver[0m
[2.087s] [ 83%] [32mBuilding CXX object CMakeFiles/mpu9250driver.dir/src/mpu9250driver.cpp.o[0m
[14.901s] [01m[K/home/vox/Vox/src/ros2_mpu9250_driver/src/mpu9250driver.cpp:[m[K In lambda function:
[14.902s] [01m[K/home/vox/Vox/src/ros2_mpu9250_driver/src/mpu9250driver.cpp:45:18:[m[K [01;31m[Kerror: [m[Kno matching function for call to â€˜[01m[KMPU9250Driver::readVel(const SharedPtr&)[m[Kâ€™
[14.902s]    45 |     [01;31m[Kthis->readVel(msg)[m[K
[14.902s]       |     [01;31m[K~~~~~~~~~~~~~^~~~~[m[K
[14.902s] In file included from [01m[K/home/vox/Vox/src/ros2_mpu9250_driver/src/mpu9250driver.cpp:1[m[K:
[14.903s] [01m[K/home/vox/Vox/src/ros2_mpu9250_driver/include/mpu9250driver/mpu9250driver.h:22:8:[m[K [01;36m[Knote: [m[Kcandidate: â€˜[01m[Kvoid MPU9250Driver::readVel()[m[Kâ€™
[14.903s]    22 |   void [01;36m[KreadVel[m[K();
[14.903s]       |        [01;36m[K^~~~~~~[m[K
[14.905s] [01m[K/home/vox/Vox/src/ros2_mpu9250_driver/include/mpu9250driver/mpu9250driver.h:22:8:[m[K [01;36m[Knote: [m[K  candidate expects 0 arguments, 1 provided
[14.905s] [01m[K/home/vox/Vox/src/ros2_mpu9250_driver/src/mpu9250driver.cpp:[m[K In constructor â€˜[01m[KMPU9250Driver::MPU9250Driver()[m[Kâ€™:
[14.906s] [01m[K/home/vox/Vox/src/ros2_mpu9250_driver/src/mpu9250driver.cpp:48:1:[m[K [01;31m[Kerror: [m[Kexpected â€˜[01m[K,[m[Kâ€™ or â€˜[01m[K;[m[Kâ€™ before â€˜[01m[K}[m[Kâ€™ token
[14.906s]    48 | [01;31m[K}[m[K
[14.906s]       | [01;31m[K^[m[K
[14.912s] [01m[K/home/vox/Vox/src/ros2_mpu9250_driver/src/mpu9250driver.cpp:[m[K At global scope:
[14.912s] [01m[K/home/vox/Vox/src/ros2_mpu9250_driver/src/mpu9250driver.cpp:77:6:[m[K [01;31m[Kerror: [m[Kno declaration matches â€˜[01m[Kvoid MPU9250Driver::readVel(geometry_msgs::msg::Twist_<std::allocator<void> >::SharedPtr)[m[Kâ€™
[14.913s]    77 | void [01;31m[KMPU9250Driver[m[K::readVel(const geometry_msgs::msg::Twist::SharedPtr message) {
[14.913s]       |      [01;31m[K^~~~~~~~~~~~~[m[K
[14.913s] In file included from [01m[K/home/vox/Vox/src/ros2_mpu9250_driver/src/mpu9250driver.cpp:1[m[K:
[14.914s] [01m[K/home/vox/Vox/src/ros2_mpu9250_driver/include/mpu9250driver/mpu9250driver.h:22:8:[m[K [01;36m[Knote: [m[Kcandidate is: â€˜[01m[Kvoid MPU9250Driver::readVel()[m[Kâ€™
[14.914s]    22 |   void [01;36m[KreadVel[m[K();
[14.915s]       |        [01;36m[K^~~~~~~[m[K
[14.915s] [01m[K/home/vox/Vox/src/ros2_mpu9250_driver/include/mpu9250driver/mpu9250driver.h:9:7:[m[K [01;36m[Knote: [m[Kâ€˜[01m[Kclass MPU9250Driver[m[Kâ€™ defined here
[14.916s]     9 | class [01;36m[KMPU9250Driver[m[K : public rclcpp::Node {
[14.916s]       |       [01;36m[K^~~~~~~~~~~~~[m[K
[18.908s] gmake[2]: *** [CMakeFiles/mpu9250driver.dir/build.make:76: CMakeFiles/mpu9250driver.dir/src/mpu9250driver.cpp.o] Error 1
[18.909s] gmake[1]: *** [CMakeFiles/Makefile2:188: CMakeFiles/mpu9250driver.dir/all] Error 2
[18.910s] gmake: *** [Makefile:146: all] Error 2
[18.915s] Invoked command in '/home/vox/Vox/build/mpu9250driver' returned '2': CMAKE_PREFIX_PATH=/opt/ros/iron /usr/bin/cmake --build /home/vox/Vox/build/mpu9250driver -- -j4 -l4
