[1.574s] Invoking command in '/home/vox/Vox/build/mpu9250driver': CMAKE_PREFIX_PATH=/opt/ros/iron /usr/bin/cmake --build /home/vox/Vox/build/mpu9250driver -- -j4 -l4
[1.905s] [ 33%] Built target mpu9250sensor
[1.955s] [ 66%] Built target linux_i2c_communicator
[2.024s] [35m[1mConsolidate compiler generated dependencies of target mpu9250driver[0m
[2.133s] [ 83%] [32mBuilding CXX object CMakeFiles/mpu9250driver.dir/src/mpu9250driver.cpp.o[0m
[14.893s] [01m[K/home/vox/Vox/src/ros2_mpu9250_driver/src/mpu9250driver.cpp:[m[K In constructor â€˜[01m[KMPU9250Driver::MPU9250Driver()[m[Kâ€™:
[14.894s] [01m[K/home/vox/Vox/src/ros2_mpu9250_driver/src/mpu9250driver.cpp:47:3:[m[K [01;31m[Kerror: [m[Kexpected â€˜[01m[K,[m[Kâ€™ or â€˜[01m[K;[m[Kâ€™ before â€˜[01m[Ksubscriber_[m[Kâ€™
[14.894s]    47 |   [01;31m[Ksubscriber_[m[K = this->create_subscription<geometry_msgs::msg::Twist>("diff_cont/cmd_vel_unstamped", 10, std::bind(&MPU9250Driver::readVel, this, std::placeholders::_1));
[14.894s]       |   [01;31m[K^~~~~~~~~~~[m[K
[18.893s] gmake[2]: *** [CMakeFiles/mpu9250driver.dir/build.make:76: CMakeFiles/mpu9250driver.dir/src/mpu9250driver.cpp.o] Error 1
[18.893s] gmake[1]: *** [CMakeFiles/Makefile2:188: CMakeFiles/mpu9250driver.dir/all] Error 2
[18.894s] gmake: *** [Makefile:146: all] Error 2
[18.900s] Invoked command in '/home/vox/Vox/build/mpu9250driver' returned '2': CMAKE_PREFIX_PATH=/opt/ros/iron /usr/bin/cmake --build /home/vox/Vox/build/mpu9250driver -- -j4 -l4
