[ 33%] Built target linux_i2c_communicator
[ 66%] Built target mpu9250sensor
[35m[1mConsolidate compiler generated dependencies of target mpu9250driver[0m
[ 83%] [32mBuilding CXX object CMakeFiles/mpu9250driver.dir/src/mpu9250driver.cpp.o[0m
In file included from [01m[K/home/vox/Vox/src/ros2_mpu9250_driver/src/mpu9250driver.cpp:1[m[K:
[01m[K/home/vox/Vox/src/ros2_mpu9250_driver/include/mpu9250driver/mpu9250driver.h:15:11:[m[K [01;31m[Kerror: [m[Kâ€˜[01m[KSubscriber[m[Kâ€™ in namespace â€˜[01m[Krclcpp[m[Kâ€™ does not name a template type
   15 |   rclcpp::[01;31m[KSubscriber[m[K<geometry_msgs::msg::Twist>::SharedPtr subscriber_;
      |           [01;31m[K^~~~~~~~~~[m[K
[01m[K/home/vox/Vox/src/ros2_mpu9250_driver/src/mpu9250driver.cpp:[m[K In constructor â€˜[01m[KMPU9250Driver::MPU9250Driver()[m[Kâ€™:
[01m[K/home/vox/Vox/src/ros2_mpu9250_driver/src/mpu9250driver.cpp:44:3:[m[K [01;31m[Kerror: [m[Kâ€˜[01m[Ksubscriber_[m[Kâ€™ was not declared in this scope
   44 |   [01;31m[Ksubscriber_[m[K = this->create_subscriber<geomentry_msgs::msg::Twist>("diff_cont/cmd_vel_unstamped", 10, std::bind(&MPU9250Driver::readVel, this));
      |   [01;31m[K^~~~~~~~~~~[m[K
[01m[K/home/vox/Vox/src/ros2_mpu9250_driver/src/mpu9250driver.cpp:44:23:[m[K [01;31m[Kerror: [m[Kâ€˜[01m[Kclass MPU9250Driver[m[Kâ€™ has no member named â€˜[01m[Kcreate_subscriber[m[Kâ€™; did you mean â€˜[01m[Kcreate_subscription[m[Kâ€™?
   44 |   subscriber_ = this->[01;31m[Kcreate_subscriber[m[K<geomentry_msgs::msg::Twist>("diff_cont/cmd_vel_unstamped", 10, std::bind(&MPU9250Driver::readVel, this));
      |                       [01;31m[K^~~~~~~~~~~~~~~~~[m[K
      |                       [32m[Kcreate_subscription[m[K
[01m[K/home/vox/Vox/src/ros2_mpu9250_driver/src/mpu9250driver.cpp:44:41:[m[K [01;31m[Kerror: [m[Kâ€˜[01m[Kgeomentry_msgs[m[Kâ€™ has not been declared
   44 |   subscriber_ = this->create_subscriber<[01;31m[Kgeomentry_msgs[m[K::msg::Twist>("diff_cont/cmd_vel_unstamped", 10, std::bind(&MPU9250Driver::readVel, this));
      |                                         [01;31m[K^~~~~~~~~~~~~~[m[K
[01m[K/home/vox/Vox/src/ros2_mpu9250_driver/src/mpu9250driver.cpp:44:69:[m[K [01;35m[Kwarning: [m[Kleft operand of comma operator has no effect [[01;35m[K]8;;https://gcc.gnu.org/onlinedocs/gcc/Warning-Options.html#index-Wunused-value-Wunused-value]8;;[m[K]
   44 |   subscriber_ = this->create_subscriber<geomentry_msgs::msg::Twist>([01;35m[K"diff_cont/cmd_vel_unstamped"[m[K, 10, std::bind(&MPU9250Driver::readVel, this));
      |                                                                     [01;35m[K^~~~~~~~~~~~~~~~~~~~~~~~~~~~~[m[K
[01m[K/home/vox/Vox/src/ros2_mpu9250_driver/src/mpu9250driver.cpp:44:143:[m[K [01;35m[Kwarning: [m[Kright operand of comma operator has no effect [[01;35m[K]8;;https://gcc.gnu.org/onlinedocs/gcc/Warning-Options.html#index-Wunused-value-Wunused-value]8;;[m[K]
   44 | er<geomentry_msgs::msg::Twist>("diff_cont/cmd_vel_unstamped", 10, std::bind(&MPU9250Driver::readVel, this[01;35m[K)[m[K);
      |                                                                                                          [01;35m[K^[m[K

[01m[K/home/vox/Vox/src/ros2_mpu9250_driver/src/mpu9250driver.cpp:[m[K In member function â€˜[01m[Kvoid MPU9250Driver::handleInput()[m[Kâ€™:
[01m[K/home/vox/Vox/src/ros2_mpu9250_driver/src/mpu9250driver.cpp:52:37:[m[K [01;31m[Kerror: [m[Kâ€˜[01m[Kusing Twist = struct geometry_msgs::msg::Twist_<std::allocator<void> >[m[Kâ€™ {aka â€˜[01m[Kstruct geometry_msgs::msg::Twist_<std::allocator<void> >[m[Kâ€™} has no member named â€˜[01m[Kheader[m[Kâ€™
   52 |         if (moving_ == 1 && cmdVel_.[01;31m[Kheader[m[K.stamp.sec < message.header.stamp.sec - 1) {
      |                                     [01;31m[K^~~~~~[m[K
[01m[K/home/vox/Vox/src/ros2_mpu9250_driver/src/mpu9250driver.cpp:[m[K In member function â€˜[01m[Kvoid MPU9250Driver::readVel()[m[Kâ€™:
[01m[K/home/vox/Vox/src/ros2_mpu9250_driver/src/mpu9250driver.cpp:76:17:[m[K [01;31m[Kerror: [m[Kâ€˜[01m[Kstruct geometry_msgs::msg::Twist_<std::allocator<void> >[m[Kâ€™ has no member named â€˜[01m[Kheader[m[Kâ€™
   76 |         message.[01;31m[Kheader[m[K.stamp = this->get_clock()->now()
      |                 [01;31m[K^~~~~~[m[K
gmake[2]: *** [CMakeFiles/mpu9250driver.dir/build.make:76: CMakeFiles/mpu9250driver.dir/src/mpu9250driver.cpp.o] Error 1
gmake[1]: *** [CMakeFiles/Makefile2:188: CMakeFiles/mpu9250driver.dir/all] Error 2
gmake: *** [Makefile:146: all] Error 2
